# JRE version: OpenJDK Runtime Environment (8.0_242-b01) (build 1.8.0_242-release-1644-b01)
# Java VM: OpenJDK 64-Bit Server VM (25.242-b01 mixed mode windows-amd64 compressed oops)
Heap:
 PSYoungGen      total 581632K, used 507774K [0x00000000d5580000, 0x00000000ff600000, 0x0000000100000000)
  eden space 550400K, 86% used [0x00000000d5580000,0x00000000f271b5d0,0x00000000f6f00000)
  from space 31232K, 99% used [0x00000000f6f00000,0x00000000f8d443b8,0x00000000f8d80000)
  to   space 69120K, 0% used [0x00000000fb280000,0x00000000fb280000,0x00000000ff600000)
 ParOldGen       total 193024K, used 130319K [0x0000000080000000, 0x000000008bc80000, 0x00000000d5580000)
  object space 193024K, 67% used [0x0000000080000000,0x0000000087f43ef0,0x000000008bc80000)
 Metaspace       used 115236K, capacity 121944K, committed 122280K, reserved 1155072K
  class space    used 14662K, capacity 15925K, committed 16048K, reserved 1048576K
GC Heap History (10 events):
Event: 1150.808 GC heap before
{Heap before GC invocations=19 (full 4):
 PSYoungGen      total 589312K, used 589305K [0x00000000d5580000, 0x00000000fd000000, 0x0000000100000000)
  eden space 547328K, 100% used [0x00000000d5580000,0x00000000f6c00000,0x00000000f6c00000)
  from space 41984K, 99% used [0x00000000fa700000,0x00000000fcffe750,0x00000000fd000000)
  to   space 49152K, 0% used [0x00000000f7000000,0x00000000f7000000,0x00000000fa000000)
 ParOldGen       total 193024K, used 53793K [0x0000000080000000, 0x000000008bc80000, 0x00000000d5580000)
  object space 193024K, 27% used [0x0000000080000000,0x00000000834886b8,0x000000008bc80000)
 Metaspace       used 109074K, capacity 114566K, committed 114728K, reserved 1148928K
  class space    used 14079K, capacity 15146K, committed 15152K, reserved 1048576K
Event: 1150.846 GC heap after
Heap after GC invocations=19 (full 4):
 PSYoungGen      total 600576K, used 49145K [0x00000000d5580000, 0x0000000100000000, 0x0000000100000000)
  eden space 551424K, 0% used [0x00000000d5580000,0x00000000d5580000,0x00000000f7000000)
  from space 49152K, 99% used [0x00000000f7000000,0x00000000f9ffe648,0x00000000fa000000)
  to   space 65536K, 0% used [0x00000000fc000000,0x00000000fc000000,0x0000000100000000)
 ParOldGen       total 193024K, used 77195K [0x0000000080000000, 0x000000008bc80000, 0x00000000d5580000)
  object space 193024K, 39% used [0x0000000080000000,0x0000000084b62e98,0x000000008bc80000)
 Metaspace       used 109074K, capacity 114566K, committed 114728K, reserved 1148928K
  class space    used 14079K, capacity 15146K, committed 15152K, reserved 1048576K
}
Event: 1152.912 GC heap before
{Heap before GC invocations=20 (full 4):
 PSYoungGen      total 600576K, used 600569K [0x00000000d5580000, 0x0000000100000000, 0x0000000100000000)
  eden space 551424K, 100% used [0x00000000d5580000,0x00000000f7000000,0x00000000f7000000)
  from space 49152K, 99% used [0x00000000f7000000,0x00000000f9ffe648,0x00000000fa000000)
  to   space 65536K, 0% used [0x00000000fc000000,0x00000000fc000000,0x0000000100000000)
 ParOldGen       total 193024K, used 77195K [0x0000000080000000, 0x000000008bc80000, 0x00000000d5580000)
  object space 193024K, 39% used [0x0000000080000000,0x0000000084b62e98,0x000000008bc80000)
 Metaspace       used 111839K, capacity 117476K, committed 117672K, reserved 1150976K
  class space    used 14349K, capacity 15447K, committed 15536K, reserved 1048576K
Event: 1152.986 GC heap after
Heap after GC invocations=20 (full 4):
 PSYoungGen      total 620032K, used 55749K [0x00000000d5580000, 0x0000000100000000, 0x0000000100000000)
  eden space 554496K, 0% used [0x00000000d5580000,0x00000000d5580000,0x00000000f7300000)
  from space 65536K, 85% used [0x00000000fc000000,0x00000000ff671560,0x0000000100000000)
  to   space 72192K, 0% used [0x00000000f7300000,0x00000000f7300000,0x00000000fb980000)
 ParOldGen       total 193024K, used 77203K [0x0000000080000000, 0x000000008bc80000, 0x00000000d5580000)
  object space 193024K, 39% used [0x0000000080000000,0x0000000084b64e98,0x000000008bc80000)
 Metaspace       used 111839K, capacity 117476K, committed 117672K, reserved 1150976K
  class space    used 14349K, capacity 15447K, committed 15536K, reserved 1048576K
}
Event: 1155.491 GC heap before
{Heap before GC invocations=21 (full 4):
 PSYoungGen      total 620032K, used 610245K [0x00000000d5580000, 0x0000000100000000, 0x0000000100000000)
  eden space 554496K, 100% used [0x00000000d5580000,0x00000000f7300000,0x00000000f7300000)
  from space 65536K, 85% used [0x00000000fc000000,0x00000000ff671560,0x0000000100000000)
  to   space 72192K, 0% used [0x00000000f7300000,0x00000000f7300000,0x00000000fb980000)
 ParOldGen       total 193024K, used 77203K [0x0000000080000000, 0x000000008bc80000, 0x00000000d5580000)
  object space 193024K, 39% used [0x0000000080000000,0x0000000084b64e98,0x000000008bc80000)
 Metaspace       used 111887K, capacity 117540K, committed 117672K, reserved 1150976K
  class space    used 14349K, capacity 15447K, committed 15536K, reserved 1048576K
Event: 1155.642 GC heap after
Heap after GC invocations=21 (full 4):
 PSYoungGen      total 603648K, used 49142K [0x00000000d5580000, 0x0000000100000000, 0x0000000100000000)
  eden space 554496K, 0% used [0x00000000d5580000,0x00000000d5580000,0x00000000f7300000)
  from space 49152K, 99% used [0x00000000f7300000,0x00000000fa2fdae0,0x00000000fa300000)
  to   space 75264K, 0% used [0x00000000fb680000,0x00000000fb680000,0x0000000100000000)
 ParOldGen       total 193024K, used 89218K [0x0000000080000000, 0x000000008bc80000, 0x00000000d5580000)
  object space 193024K, 46% used [0x0000000080000000,0x0000000085720ad8,0x000000008bc80000)
 Metaspace       used 111887K, capacity 117540K, committed 117672K, reserved 1150976K
  class space    used 14349K, capacity 15447K, committed 15536K, reserved 1048576K
}
Event: 1454.245 GC heap before
{Heap before GC invocations=22 (full 4):
 PSYoungGen      total 603648K, used 603638K [0x00000000d5580000, 0x0000000100000000, 0x0000000100000000)
  eden space 554496K, 100% used [0x00000000d5580000,0x00000000f7300000,0x00000000f7300000)
  from space 49152K, 99% used [0x00000000f7300000,0x00000000fa2fdae0,0x00000000fa300000)
  to   space 75264K, 0% used [0x00000000fb680000,0x00000000fb680000,0x0000000100000000)
 ParOldGen       total 193024K, used 89218K [0x0000000080000000, 0x000000008bc80000, 0x00000000d5580000)
  object space 193024K, 46% used [0x0000000080000000,0x0000000085720ad8,0x000000008bc80000)
 Metaspace       used 113319K, capacity 119592K, committed 119720K, reserved 1153024K
  class space    used 14457K, capacity 15665K, committed 15792K, reserved 1048576K
Event: 1454.412 GC heap after
Heap after GC invocations=22 (full 4):
 PSYoungGen      total 625664K, used 18335K [0x00000000d5580000, 0x0000000100000000, 0x0000000100000000)
  eden space 550400K, 0% used [0x00000000d5580000,0x00000000d5580000,0x00000000f6f00000)
  from space 75264K, 24% used [0x00000000fb680000,0x00000000fc867df8,0x0000000100000000)
  to   space 73216K, 0% used [0x00000000f6f00000,0x00000000f6f00000,0x00000000fb680000)
 ParOldGen       total 193024K, used 120155K [0x0000000080000000, 0x000000008bc80000, 0x00000000d5580000)
  object space 193024K, 62% used [0x0000000080000000,0x0000000087556e70,0x000000008bc80000)
 Metaspace       used 113319K, capacity 119592K, committed 119720K, reserved 1153024K
  class space    used 14457K, capacity 15665K, committed 15792K, reserved 1048576K
}
Event: 1508.567 GC heap before
{Heap before GC invocations=23 (full 4):
 PSYoungGen      total 625664K, used 568735K [0x00000000d5580000, 0x0000000100000000, 0x0000000100000000)
  eden space 550400K, 100% used [0x00000000d5580000,0x00000000f6f00000,0x00000000f6f00000)
  from space 75264K, 24% used [0x00000000fb680000,0x00000000fc867df8,0x0000000100000000)
  to   space 73216K, 0% used [0x00000000f6f00000,0x00000000f6f00000,0x00000000fb680000)
 ParOldGen       total 193024K, used 120155K [0x0000000080000000, 0x000000008bc80000, 0x00000000d5580000)
  object space 193024K, 62% used [0x0000000080000000,0x0000000087556e70,0x000000008bc80000)
 Metaspace       used 114761K, capacity 121286K, committed 121384K, reserved 1155072K
  class space    used 14588K, capacity 15828K, committed 15920K, reserved 1048576K
Event: 1508.634 GC heap after
Heap after GC invocations=23 (full 4):
 PSYoungGen      total 581632K, used 30992K [0x00000000d5580000, 0x00000000ff600000, 0x0000000100000000)
  eden space 550400K, 0% used [0x00000000d5580000,0x00000000d5580000,0x00000000f6f00000)
  from space 31232K, 99% used [0x00000000f6f00000,0x00000000f8d443b8,0x00000000f8d80000)
  to   space 69120K, 0% used [0x00000000fb280000,0x00000000fb280000,0x00000000ff600000)
 ParOldGen       total 193024K, used 130319K [0x0000000080000000, 0x000000008bc80000, 0x00000000d5580000)
  object space 193024K, 67% used [0x0000000080000000,0x0000000087f43ef0,0x000000008bc80000)
 Metaspace       used 114761K, capacity 121286K, committed 121384K, reserved 1155072K
  class space    used 14588K, capacity 15828K, committed 15920K, reserved 1048576K
}

